<?xml version="1.0" encoding="UTF-8"?>
<!-- Generated by org.testng.reporters.JUnitReportReporter -->
<testsuite hostname="LTIN678685" failures="0" tests="1" name="testNgPractice.LoginTestTwo" time="0.691" errors="0" timestamp="2025-10-07T12:50:38 IST" skipped="0">
  <testcase classname="testNgPractice.LoginTestTwo" name="login" time="0.691"/>
</testsuite> <!-- testNgPractice.LoginTestTwo -->
