<?xml version="1.0" encoding="UTF-8"?>
<!-- Generated by org.testng.reporters.JUnitReportReporter -->
<testsuite hostname="LTIN678685" failures="0" tests="3" name="testNgPractice.Activity2" time="1.548" errors="0" timestamp="2025-10-07T09:42:42 IST" skipped="0">
  <testcase classname="testNgPractice.Activity2" name="getLoginSuccessMessage" time="0.102"/>
  <testcase classname="testNgPractice.Activity2" name="loginTest" time="0.450"/>
  <testcase classname="testNgPractice.Activity2" name="openBrowser" time="0.996"/>
</testsuite> <!-- testNgPractice.Activity2 -->
