<?xml version="1.0" encoding="UTF-8"?>
<!-- Generated by org.testng.reporters.JUnitReportReporter -->
<testsuite hostname="LTIN678685" failures="0" tests="1" name="testNgPractice.Activity1Test" time="0.017" errors="0" timestamp="2025-10-06T15:49:00 IST" skipped="0">
  <testcase classname="testNgPractice.Activity1Test" name="f" time="0.017"/>
</testsuite> <!-- testNgPractice.Activity1Test -->
