<?xml version="1.0" encoding="UTF-8"?>
<!-- Generated by org.testng.reporters.JUnitReportReporter -->
<testsuite hostname="LTIN678685" failures="0" tests="2" name="testNgPractice.PreacticeExampleOrangeHRM" time="4.143" errors="0" timestamp="2025-10-06T11:57:37 IST" skipped="0">
  <testcase classname="testNgPractice.PreacticeExampleOrangeHRM" name="login" time="1.961"/>
  <testcase classname="testNgPractice.PreacticeExampleOrangeHRM" name="loginCheck" time="2.182"/>
</testsuite> <!-- testNgPractice.PreacticeExampleOrangeHRM -->
